<?xml version="1.0" encoding="UTF-8"?>
<testsuite name="io.ParserTest" tests="1" skipped="0" failures="0" errors="0" timestamp="2024-04-26T17:21:30" hostname="bogon" time="0.276">
  <properties/>
  <testcase name="testParseApplicationFromFile()" classname="io.ParserTest" time="0.276"/>
  <system-out><![CDATA[]]></system-out>
  <system-err><![CDATA[]]></system-err>
</testsuite>
