<?xml version="1.0" encoding="UTF-8"?>
<testsuite name="validator.RegistrationValidatorTest" tests="12" skipped="0" failures="0" errors="0" timestamp="2024-04-26T17:21:30" hostname="bogon" time="0.094">
  <properties/>
  <testcase name="testValidateDriverHistory()" classname="validator.RegistrationValidatorTest" time="0.014"/>
  <testcase name="testValidateVehicleHistory()" classname="validator.RegistrationValidatorTest" time="0.02"/>
  <testcase name="testValidateLicenseNameDifference()" classname="validator.RegistrationValidatorTest" time="0.006"/>
  <testcase name="testValidateDriverAge()" classname="validator.RegistrationValidatorTest" time="0.004"/>
  <testcase name="testValidateVehicleInformation()" classname="validator.RegistrationValidatorTest" time="0.003"/>
  <testcase name="testValidate()" classname="validator.RegistrationValidatorTest" time="0.004"/>
  <testcase name="testValidateVehicleInsuranceExpired()" classname="validator.RegistrationValidatorTest" time="0.006"/>
  <testcase name="testValidateLicenseBirthdateDifference()" classname="validator.RegistrationValidatorTest" time="0.003"/>
  <testcase name="testValidateLicenseCountryDifference()" classname="validator.RegistrationValidatorTest" time="0.005"/>
  <testcase name="testValidateLicenseDateOfIssuanceLessThan6Months()" classname="validator.RegistrationValidatorTest" time="0.005"/>
  <testcase name="testValidateVehicleInsuranceOwnerOrCoveredPeople()" classname="validator.RegistrationValidatorTest" time="0.007"/>
  <testcase name="testValidateLicenseExpirationDate()" classname="validator.RegistrationValidatorTest" time="0.006"/>
  <system-out><![CDATA[]]></system-out>
  <system-err><![CDATA[]]></system-err>
</testsuite>
