<?xml version="1.0" encoding="UTF-8"?>
<testsuite name="pool.PoolManagerTest" tests="2" skipped="0" failures="0" errors="0" timestamp="2024-04-26T17:21:30" hostname="bogon" time="0.023">
  <properties/>
  <testcase name="provideDriverInfo()" classname="pool.PoolManagerTest" time="0.014"/>
  <testcase name="testRecordExistsAndAddRecord()" classname="pool.PoolManagerTest" time="0.007"/>
  <system-out><![CDATA[]]></system-out>
  <system-err><![CDATA[]]></system-err>
</testsuite>
