<?xml version="1.0" encoding="UTF-8"?>
<testsuite name="history.CrashTypeTest" tests="2" skipped="0" failures="0" errors="0" timestamp="2024-04-26T17:21:30" hostname="bogon" time="0.016">
  <properties/>
  <testcase name="testToString()" classname="history.CrashTypeTest" time="0.011"/>
  <testcase name="testBelongToEnum()" classname="history.CrashTypeTest" time="0.003"/>
  <system-out><![CDATA[]]></system-out>
  <system-err><![CDATA[]]></system-err>
</testsuite>
